#
# There is insufficient memory for the Java Runtime Environment to continue.
# Native memory allocation (malloc) failed to allocate 773936 bytes for Chunk::new
# Possible reasons:
#   The system is out of physical RAM or swap space
#   The process is running with CompressedOops enabled, and the Java Heap may be blocking the growth of the native heap
# Possible solutions:
#   Reduce memory load on the system
#   Increase physical memory or swap space
#   Check if swap backing store is full
#   Decrease Java heap size (-Xmx/-Xms)
#   Decrease number of Java threads
#   Decrease Java thread stack sizes (-Xss)
#   Set larger code cache with -XX:ReservedCodeCacheSize=
#   JVM is running with Unscaled Compressed Oops mode in which the Java heap is
#     placed in the first 4GB address space. The Java Heap base address is the
#     maximum limit for the native heap growth. Please use -XX:HeapBaseMinAddress
#     to set the Java Heap base and to place the Java Heap above 4GB virtual address.
# This output file may be truncated or incomplete.
#
#  Out of Memory Error (arena.cpp:189), pid=13728, tid=25100
#
# JRE version: OpenJDK Runtime Environment Temurin-17+35 (17.0+35) (build 17+35)
# Java VM: OpenJDK 64-Bit Server VM Temurin-17+35 (17+35, mixed mode, sharing, tiered, compressed oops, compressed class ptrs, g1 gc, windows-amd64)
# No core dump will be written. Minidumps are not enabled by default on client versions of Windows
#

---------------  S U M M A R Y ------------

Command Line: -Xss4m -Xms100m -Dmetals.client=vscode -Xmx1G scala.meta.metals.Main

Host: Intel(R) Core(TM) i5-10300H CPU @ 2.50GHz, 8 cores, 15G,  Windows 10 , 64 bit Build 22621 (10.0.22621.3672)
Time: Tue Jun 25 10:38:09 2024 Paris, Madrid (heure duild 22621 (10.0.22621.3672) elapsed time: 12.923985 seconds (0d 0h 0m 12s)

---------------  T H R E A D  ---------------

Current thread (0x00000226f9b05470):  JavaThread "C2 CompilerThread0" daemon [_thread_in_native, id=25100, stack(0x000000a7e4c00000,0x000000a7e4d00000)]


Current CompileTask:
C2:  12924 7306       4       scala.meta.internal.metals.Fuzzy::bloomFilterSymbolStrings (292 bytes)

Stack: [0x000000a7e4c00000,0x000000a7e4d00000]
Native frames: (J=compiled Java code, j=interpreted, Vv=VM code, C=native code)
V  [jvm.dll+0x674afa]
V  [jvm.dll+0x82eb44]
V  [jvm.dll+0x8302ee]
V  [jvm.dll+0x830953]
V  [jvm.dll+0x245335]
V  [jvm.dll+0xab52b]
V  [jvm.dll+0xababc]
V  [jvm.dll+0x2ac16f]
V  [jvm.dll+0x57c049]
V  [jvm.dll+0x2203ed]
V  [jvm.dll+0x2207cf]
V  [jvm.dll+0x21a02a]
V  [jvm.dll+0x217505]
V  [jvm.dll+0x1a356d]
V  [jvm.dll+0x226ff8]
V  [jvm.dll+0x22513c]
V  [jvm.dll+0x7e47fb]
V  [jvm.dll+0x7dedba]
V  [jvm.dll+0x673925]
C  [ucrtbase.dll+0x29333]
C  [KERNEL32.DLL+0x1257d]
C  [ntdll.dll+0x5af28]


---------------  P R O C E S S  ---------------

Threads class SMR info:
_java_thread_list=0x00000226801cebd0, length=52, elements={
0x00000226de035980, 0x00000226f9ae36c0, 0x00000226f9ae4440, 0x00000226f9afcd10,
0x00000226f9afd5d0, 0x00000226f9afe6a0, 0x00000226f9afef60, 0x00000226f9b05470,
0x00000226f9b11d90, 0x00000226f9b176d0, 0x00000226faa62080, 0x00000226faa6a430,
0x00000226fbd2ae60, 0x00000226fc149e80, 0x00000226fb3910f0, 0x00000226fb392430,
0x00000226fb38f410, 0x00000226fb38ef40, 0x00000226fb3915c0, 0x00000226fb38fdb0,
0x00000226fb390c20, 0x00000226fc990210, 0x00000226804d4820, 0x00000226fc993230,
0x00000226fc993bd0, 0x00000226fe6bc270, 0x00000226fc995d80, 0x00000226fc9906e0,
0x00000226fc994570, 0x00000226fc996250, 0x0000022680dc1940, 0x0000022681dd5620,
0x0000022680dc1e10, 0x0000022680dc22e0, 0x00000226fdbfc480, 0x00000226fdbfc950,
0x0000022681dd5150, 0x00000226fe754ef0, 0x0000022681dd4c80, 0x0000022680ed52f0,
0x0000022681dd42e0, 0x0000022681dd5af0, 0x0000022681dd47b0, 0x0000022680a17970,
0x0000022680a187e0, 0x00000226fe9c22f0, 0x00000226fe9c2c90, 0x00000226fe9c27c0,
0x00000226fdbfce20, 0x0000022680ed4e20, 0x00000226fea26280, 0x0000022680a18310
}

Java Threads: ( => current thread )
  0x00000226de035980 JavaThread "main" [_thread_blocked, id=37592, stack(0x000000a7e2a00000,0x000000a7e2e00000)]
  0x00000226f9ae36c0 JavaThread "Reference Handler" daemon [_thread_blocked, id=20696, stack(0x000000a7e3400000,0x000000a7e3800000)]
  0x00000226f9ae4440 JavaThread "Finalizer" daemon [_thread_blocked, id=36100, stack(0x000000a7e3800000,0x000000a7e3c00000)]
  0x00000226f9afcd10 JavaThread "Signal Dispatcher" daemon [_thread_blocked, id=44892, stack(0x000000a7e3c00000,0x000000a7e4000000)]
  0x00000226f9afd5d0 JavaThread "Attach Listener" daemon [_thread_blocked, id=21272, stack(0x000000a7e4000000,0x000000a7e4400000)]
  0x00000226f9afe6a0 JavaThread "Service Thread" daemon [_thread_blocked, id=37356, stack(0x000000a7e4400000,0x000000a7e4800000)]
  0x00000226f9afef60 JavaThread "Monitor Deflation Thread" daemon [_thread_blocked, id=26420, stack(0x000000a7e4800000,0x000000a7e4c00000)]
=>0x00000226f9b05470 JavaThread "C2 CompilerThread0" daemon [_thread_in_native, id=25100, stack(0x000000a7e4c00000,0x000000a7e4d00000)]
  0x00000226f9b11d90 JavaThread "C1 CompilerThread0" daemon [_thread_blocked, id=27692, stack(0x000000a7e4d00000,0x000000a7e4e00000)]
  0x00000226f9b176d0 JavaThread "Sweeper thread" daemon [_thread_blocked, id=18196, stack(0x000000a7e4e00000,0x000000a7e5200000)]
  0x00000226faa62080 JavaThread "Notification Thread" daemon [_thread_blocked, id=18272, stack(0x000000a7e5200000,0x000000a7e5600000)]
  0x00000226faa6a430 JavaThread "Common-Cleaner" daemon [_thread_blocked, id=17092, stack(0x000000a7e5700000,0x000000a7e5b00000)]
  0x00000226fbd2ae60 JavaThread "pool-1-thread-1" [_thread_in_native, id=15180, stack(0x000000a7e5e00000,0x000000a7e6200000)]
  0x00000226fc149e80 JavaThread "coursier-pool-1-thread-1" daemon [_thread_blocked, id=9360, stack(0x000000a7e6800000,0x000000a7e6c00000)]
  0x00000226fb3910f0 JavaThread "coursier-pool-1-thread-2" daemon [_thread_blocked, id=10856, stack(0x000000a7e6c00000,0x000000a7e7000000)]
  0x00000226fb392430 JavaThread "coursier-pool-1-thread-3" daemon [_thread_blocked, id=20660, stack(0x000000a7e7000000,0x000000a7e7400000)]
  0x00000226fb38f410 JavaThread "coursier-pool-1-thread-4" daemon [_thread_blocked, id=13308, stack(0x000000a7e7400000,0x000000a7e7800000)]
  0x00000226fb38ef40 JavaThread "coursier-pool-1-thread-5" daemon [_thread_blocked, id=3696, stack(0x000000a7e7800000,0x000000a7e7c00000)]
  0x00000226fb3915c0 JavaThread "coursier-pool-1-thread-6" daemon [_thread_blocked, id=39132, stack(0x000000a7e7c00000,0x000000a7e8000000)]
  0x00000226fb38fdb0 JavaThread "pool-1-thread-2" [_thread_blocked, id=39572, stack(0x000000a7e8100000,0x000000a7e8500000)]
  0x00000226fb390c20 JavaThread "ForkJoinPool.commonPool-worker-1" daemon [_thread_blocked, id=43744, stack(0x000000a7e8900000,0x000000a7e8d00000)]
  0x00000226fc990210 JavaThread "pool-2-thread-1" [_thread_blocked, id=36104, stack(0x000000a7e8d00000,0x000000a7e9100000)]
  0x00000226804d4820 JavaThread "C2 CompilerThread1" daemon [_thread_in_vm, id=14296, stack(0x000000a7e6600000,0x000000a7e6700000)]
  0x00000226fc993230 JavaThread "H2 File Lock Watchdog C:/Users/Moustapha/Neurostack/Repositories/observatory/.metals/metals.lock.db" daemon [_thread_blocked, id=34224, stack(0x000000a7e9200000,0x000000a7e9600000)]
  0x00000226fc993bd0 JavaThread "H2 TCP Server (tcp://localhost:55434)" daemon [_thread_in_native, id=38504, stack(0x000000a7e9600000,0x000000a7e9a00000)]
  0x00000226fe6bc270 JavaThread "C2 CompilerThread2" daemon [_thread_in_native, id=35748, stack(0x000000a7e8000000,0x000000a7e8100000)]
  0x00000226fc995d80 JavaThread "MVStore background writer C:/Users/Moustapha/Neurostack/Repositories/observatory/.metals/metals.mv.db" daemon [_thread_blocked, id=22924, stack(0x000000a7e9a00000,0x000000a7e9e00000)]
  0x00000226fc9906e0 JavaThread "pool-1-thread-4" [_thread_blocked, id=15220, stack(0x000000a7e9e00000,0x000000a7ea200000)]
  0x00000226fc994570 JavaThread "pool-1-thread-5" [_thread_blocked, id=28180, stack(0x000000a7ea200000,0x000000a7ea600000)]
  0x00000226fc996250 JavaThread "pool-1-thread-6" [_thread_blocked, id=42820, stack(0x000000a7ea600000,0x000000a7eaa00000)]
  0x0000022680dc1940 JavaThread "H2-serialization" daemon [_thread_blocked, id=27968, stack(0x000000a7eaa00000,0x000000a7eae00000)]
  0x0000022681dd5620 JavaThread "H2-save" daemon [_thread_blocked, id=23596, stack(0x000000a7eae00000,0x000000a7eb200000)]
  0x0000022680dc1e10 JavaThread "pool-1-thread-7" [_thread_blocked, id=30972, stack(0x000000a7eb200000,0x000000a7eb600000)]
  0x0000022680dc22e0 JavaThread "pool-1-thread-8" [_thread_blocked, id=43504, stack(0x000000a7eb600000,0x000000a7eba00000)]
  0x00000226fdbfc480 JavaThread "pool-1-thread-9" [_thread_blocked, id=14568, stack(0x000000a7eba00000,0x000000a7ebe00000)]
  0x00000226fdbfc950 JavaThread "pool-1-thread-10" [_thread_blocked, id=36872, stack(0x000000a7ebe00000,0x000000a7ec200000)]
  0x0000022681dd5150 JavaThread "pool-1-thread-11" [_thread_blocked, id=43580, stack(0x000000a7ec200000,0x000000a7ec600000)]
  0x00000226fe754ef0 JavaThread "pool-1-thread-12" [_thread_blocked, id=31572, stack(0x000000a7ec600000,0x000000a7eca00000)]
  0x0000022681dd4c80 JavaThread "pool-1-thread-13" [_thread_blocked, id=41076, stack(0x000000a7eca00000,0x000000a7ece00000)]
  0x0000022680ed52f0 JavaThread "pool-1-thread-14" [_thread_blocked, id=41540, stack(0x000000a7ece00000,0x000000a7ed200000)]
  0x0000022681dd42e0 JavaThread "pool-1-thread-15" [_thread_blocked, id=4412, stack(0x000000a7ed200000,0x000000a7ed600000)]
  0x0000022681dd5af0 JavaThread "pool-1-thread-16" [_thread_blocked, id=10628, stack(0x000000a7ed600000,0x000000a7eda00000)]
  0x0000022681dd47b0 JavaThread "pool-1-thread-17" [_thread_blocked, id=20916, stack(0x000000a7eda00000,0x000000a7ede00000)]
  0x0000022680a17970 JavaThread "pool-1-thread-18" [_thread_blocked, id=4624, stack(0x000000a7ede00000,0x000000a7ee200000)]
  0x0000022680a187e0 JavaThread "pool-1-thread-19" [_thread_blocked, id=7020, stack(0x000000a7ee200000,0x000000a7ee600000)]
  0x00000226fe9c22f0 JavaThread "pool-1-thread-21" [_thread_blocked, id=34376, stack(0x000000a7ee600000,0x000000a7eea00000)]
  0x00000226fe9c2c90 JavaThread "pool-1-thread-22" [_thread_blocked, id=1900, stack(0x000000a7eea00000,0x000000a7eee00000)]
  0x00000226fe9c27c0 JavaThread "pool-1-thread-23" [_thread_blocked, id=43332, stack(0x000000a7eee00000,0x000000a7ef200000)]
  0x00000226fdbfce20 JavaThread "pool-1-thread-20" [_thread_blocked, id=15132, stack(0x000000a7ef200000,0x000000a7ef600000)]
  0x0000022680ed4e20 JavaThread "Keep-Alive-Timer" daemon [_thread_blocked, id=10500, stack(0x000000a7ef600000,0x000000a7efa00000)]
  0x00000226fea26280 JavaThread "pool-3-thread-1" [_thread_in_vm, id=44592, stack(0x000000a7efa00000,0x000000a7efe00000)]
  0x0000022680a18310 JavaThread "pool-1-thread-24" [_thread_blocked, id=27124, stack(0x000000a7efe00000,0x000000a7f0200000)]

Other Threads:
  0x00000226f9adfbc0 VMThread "VM Thread" [stack: 0x000000a7e3300000,0x000000a7e3400000] [id=40512]
  0x00000226faa69190 WatcherThread [stack: 0x000000a7e5600000,0x000000a7e5700000] [id=24640]
  0x00000226de0664d0 GCTaskThread "GC Thread#0" [stack: 0x000000a7e2e00000,0x000000a7e2f00000] [id=30696]
  0x00000226faec5d80 GCTaskThread "GC Thread#1" [stack: 0x000000a7e5b00000,0x000000a7e5c00000] [id=39476]
  0x00000226fae8a910 GCTaskThread "GC Thread#2" [stack: 0x000000a7e5c00000,0x000000a7e5d00000] [id=20960]
  0x00000226faedfa10 GCTaskThread "GC Thread#3" [stack: 0x000000a7e5d00000,0x000000a7e5e00000] [id=36888]
  0x00000226fc2e9240 GCTaskThread "GC Thread#4" [stack: 0x000000a7e6200000,0x000000a7e6300000] [id=42704]
  0x00000226fc2e94f0 GCTaskThread "GC Thread#5" [stack: 0x000000a7e6300000,0x000000a7e6400000] [id=28292]
  0x00000226fc2e9fb0 GCTaskThread "GC Thread#6" [stack: 0x000000a7e6400000,0x000000a7e6500000] [id=43936]
  0x00000226fc2ea770 GCTaskThread "GC Thread#7" [stack: 0x000000a7e6500000,0x000000a7e6600000] [id=30920]
  0x00000226de06f560 ConcurrentGCThread "G1 Main Marker" [stack: 0x000000a7e2f00000,0x000000a7e3000000] [id=45456]
  0x00000226de070ae0 ConcurrentGCThread "G1 Conc#0" [stack: 0x000000a7e3000000,0x000000a7e3100000] [id=29900]
  0x00000226fc2ebfa0 ConcurrentGCThread "G1 Conc#1" [stack: 0x000000a7e6700000,0x000000a7e6800000] [id=26612]
  0x00000226de09dd20 ConcurrentGCThread "G1 Refine#0" [stack: 0x000000a7e3100000,0x000000a7e3200000] [id=39068]
  0x00000226de09e650 ConcurrentGCThread "G1 Service" [stack: 0x000000a7e3200000,0x000000a7e3300000] [id=24680]

Threads with active compile tasks:
C2 CompilerThread0    12964 7306       4       scala.meta.internal.metals.Fuzzy::bloomFilterSymbolStrings (292 bytes)
C2 CompilerThread1    12964 7389   !   4       com.google.protobuf.CodedOutputStream$OutputStreamEncoder::writeStringNoTag (250 bytes)
C2 CompilerThread2    12964 7387       4       scala.meta.internal.metals.Compression$::$anonfun$compress$1 (73 bytes)

VM state: not at safepoint (normal execution)

VM Mutex/Monitor currently owned by a thread: None

OutOfMemory and StackOverflow Exception counts:
OutOfMemoryError java_heap_errors=1
LinkageErrors=165

Heap address: 0x00000000c0000000, size: 1024 MB, Compressed Oops mode: 32-bit

CDS archive(s) mapped at: [0x0000000800000000-0x0000000800bc0000-0x0000000800bc0000), size 12320768, SharedBaseAddress: 0x0000000800000000, ArchiveRelocationMode: 0.
Compressed class space mapped at: 0x0000000800c00000-0x0000000840c00000, reserved size: 1073741824
Narrow klass base: 0x0000000800000000, Narrow klass shift: 0, Narrow klass range: 0x100000000

GC Precious Log:
 CPUs: 8 total, 8 available
 Memory: 16215M
 Large Page Support: Disabled
 NUMA Support: Disabled
 Compressed Oops: Enabled (32-bit)
 Heap Region Size: 1M
 Heap Min Capacity: 100M
 Heap Initial Capacity: 100M
 Heap Max Capacity: 1G
 Pre-touch: Disabled
 Parallel Workers: 8
 Concurrent Workers: 2
 Concurrent Refinement Workers: 8
 Periodic GC: Disabled

Heap:
 garbage-first heap   total 126976K, used 59262K [0x00000000c0000000, 0x0000000100000000)
  region size 1024K, 35 young (35840K), 7 survivors (7168K)
 Metaspace       used 69562K, committed 70080K, reserved 1114112K
  class space    used 8620K, committed 8832K, reserved 1048576K

Heap Regions: E=young(eden), S=young(survivor), O=old, HS=humongous(starts), HC=humongous(continues), CS=collection set, F=free, OA=open archive, CA=closed archive, TAMS=top-at-mark-start (previous, next)
|   0|0x00000000c0000000, 0x00000000c0100000, 0x00000000c0100000|100%| O|  |TAMS 0x00000000c0100000, 0x00000000c0000000| Untracked 
|   1|0x00000000c0100000, 0x00000000c0200000, 0x00000000c0200000|100%| O|  |TAMS 0x00000000c0200000, 0x00000000c0100000| Untracked 
|   2|0x00000000c0200000, 0x00000000c0300000, 0x00000000c0300000|100%| O|  |TAMS 0x00000000c0300000, 0x00000000c0200000| Untracked 
|   3|0x00000000c0300000, 0x00000000c0400000, 0x00000000c0400000|100%| O|  |TAMS 0x00000000c0400000, 0x00000000c0300000| Untracked 
|   4|0x00000000c0400000, 0x00000000c0500000, 0x00000000c0500000|100%| O|  |TAMS 0x00000000c0500000, 0x00000000c0400000| Untracked 
|   5|0x00000000c0500000, 0x00000000c0600000, 0x00000000c0600000|100%| O|  |TAMS 0x00000000c0600000, 0x00000000c0500000| Untracked 
|   6|0x00000000c0600000, 0x00000000c0700000, 0x00000000c0700000|100%| O|  |TAMS 0x00000000c0700000, 0x00000000c0600000| Untracked 
|   7|0x00000000c0700000, 0x00000000c0800000, 0x00000000c0800000|100%| O|  |TAMS 0x00000000c0800000, 0x00000000c0700000| Untracked 
|   8|0x00000000c0800000, 0x00000000c0900000, 0x00000000c0900000|100%| O|  |TAMS 0x00000000c0900000, 0x00000000c0800000| Untracked 
|   9|0x00000000c0900000, 0x00000000c0a00000, 0x00000000c0a00000|100%| O|  |TAMS 0x00000000c0a00000, 0x00000000c0900000| Untracked 
|  10|0x00000000c0a00000, 0x00000000c0b00000, 0x00000000c0b00000|100%| O|  |TAMS 0x00000000c0b00000, 0x00000000c0a00000| Untracked 
|  11|0x00000000c0b00000, 0x00000000c0c00000, 0x00000000c0c00000|100%| O|  |TAMS 0x00000000c0c00000, 0x00000000c0b00000| Untracked 
|  12|0x00000000c0c00000, 0x00000000c0d00000, 0x00000000c0d00000|100%| O|  |TAMS 0x00000000c0d00000, 0x00000000c0c00000| Untracked 
|  13|0x00000000c0d00000, 0x00000000c0e00000, 0x00000000c0e00000|100%| O|  |TAMS 0x00000000c0e00000, 0x00000000c0d00000| Untracked 
|  14|0x00000000c0e00000, 0x00000000c0f00000, 0x00000000c0f00000|100%| O|  |TAMS 0x00000000c0f00000, 0x00000000c0e00000| Untracked 
|  15|0x00000000c0f00000, 0x00000000c1000000, 0x00000000c1000000|100%|HS|  |TAMS 0x00000000c1000000, 0x00000000c0f00000| Complete 
|  16|0x00000000c1000000, 0x00000000c1100000, 0x00000000c1100000|100%|HC|  |TAMS 0x00000000c1100000, 0x00000000c1000000| Complete 
|  17|0x00000000c1100000, 0x00000000c1200000, 0x00000000c1200000|100%| O|  |TAMS 0x00000000c1200000, 0x00000000c1100000| Untracked 
|  18|0x00000000c1200000, 0x00000000c1300000, 0x00000000c1300000|100%| O|  |TAMS 0x00000000c1300000, 0x00000000c1200000| Untracked 
|  19|0x00000000c1300000, 0x00000000c1400000, 0x00000000c1400000|100%| O|  |TAMS 0x00000000c1400000, 0x00000000c1300000| Untracked 
|  20|0x00000000c1400000, 0x00000000c1500000, 0x00000000c1500000|100%| O|  |TAMS 0x00000000c1500000, 0x00000000c1400000| Untracked 
|  21|0x00000000c1500000, 0x00000000c1600000, 0x00000000c1600000|100%| O|  |TAMS 0x00000000c1600000, 0x00000000c1500000| Untracked 
|  22|0x00000000c1600000, 0x00000000c1700000, 0x00000000c1700000|100%| O|  |TAMS 0x00000000c1700000, 0x00000000c1600000| Untracked 
|  23|0x00000000c1700000, 0x00000000c17d5200, 0x00000000c1800000| 83%| O|  |TAMS 0x00000000c171c600, 0x00000000c1700000| Untracked 
|  24|0x00000000c1800000, 0x00000000c1900000, 0x00000000c1900000|100%|HS|  |TAMS 0x00000000c1800000, 0x00000000c1800000| Complete 
|  25|0x00000000c1900000, 0x00000000c1927000, 0x00000000c1a00000| 15%| O|  |TAMS 0x00000000c1900000, 0x00000000c1900000| Untracked 
|  26|0x00000000c1a00000, 0x00000000c1a00000, 0x00000000c1b00000|  0%| F|  |TAMS 0x00000000c1a00000, 0x00000000c1a00000| Untracked 
|  27|0x00000000c1b00000, 0x00000000c1b00000, 0x00000000c1c00000|  0%| F|  |TAMS 0x00000000c1b00000, 0x00000000c1b00000| Untracked 
|  28|0x00000000c1c00000, 0x00000000c1c00000, 0x00000000c1d00000|  0%| F|  |TAMS 0x00000000c1c00000, 0x00000000c1c00000| Untracked 
|  29|0x00000000c1d00000, 0x00000000c1d00000, 0x00000000c1e00000|  0%| F|  |TAMS 0x00000000c1d00000, 0x00000000c1d00000| Untracked 
|  30|0x00000000c1e00000, 0x00000000c1e00000, 0x00000000c1f00000|  0%| F|  |TAMS 0x00000000c1e00000, 0x00000000c1e00000| Untracked 
|  31|0x00000000c1f00000, 0x00000000c1f00000, 0x00000000c2000000|  0%| F|  |TAMS 0x00000000c1f00000, 0x00000000c1f00000| Untracked 
|  32|0x00000000c2000000, 0x00000000c2000000, 0x00000000c2100000|  0%| F|  |TAMS 0x00000000c2000000, 0x00000000c2000000| Untracked 
|  33|0x00000000c2100000, 0x00000000c2100000, 0x00000000c2200000|  0%| F|  |TAMS 0x00000000c2100000, 0x00000000c2100000| Untracked 
|  34|0x00000000c2200000, 0x00000000c2200000, 0x00000000c2300000|  0%| F|  |TAMS 0x00000000c2200000, 0x00000000c2200000| Untracked 
|  35|0x00000000c2300000, 0x00000000c2300000, 0x00000000c2400000|  0%| F|  |TAMS 0x00000000c2300000, 0x00000000c2300000| Untracked 
|  36|0x00000000c2400000, 0x00000000c2400000, 0x00000000c2500000|  0%| F|  |TAMS 0x00000000c2400000, 0x00000000c2400000| Untracked 
|  37|0x00000000c2500000, 0x00000000c2500000, 0x00000000c2600000|  0%| F|  |TAMS 0x00000000c2500000, 0x00000000c2500000| Untracked 
|  38|0x00000000c2600000, 0x00000000c2600000, 0x00000000c2700000|  0%| F|  |TAMS 0x00000000c2600000, 0x00000000c2600000| Untracked 
|  39|0x00000000c2700000, 0x00000000c2700000, 0x00000000c2800000|  0%| F|  |TAMS 0x00000000c2700000, 0x00000000c2700000| Untracked 
|  40|0x00000000c2800000, 0x00000000c2800000, 0x00000000c2900000|  0%| F|  |TAMS 0x00000000c2800000, 0x00000000c2800000| Untracked 
|  41|0x00000000c2900000, 0x00000000c2900000, 0x00000000c2a00000|  0%| F|  |TAMS 0x00000000c2900000, 0x00000000c2900000| Untracked 
|  42|0x00000000c2a00000, 0x00000000c2a00000, 0x00000000c2b00000|  0%| F|  |TAMS 0x00000000c2a00000, 0x00000000c2a00000| Untracked 
|  43|0x00000000c2b00000, 0x00000000c2be3960, 0x00000000c2c00000| 88%| S|CS|TAMS 0x00000000c2b00000, 0x00000000c2b00000| Complete 
|  44|0x00000000c2c00000, 0x00000000c2d00000, 0x00000000c2d00000|100%| S|CS|TAMS 0x00000000c2c00000, 0x00000000c2c00000| Complete 
|  45|0x00000000c2d00000, 0x00000000c2e00000, 0x00000000c2e00000|100%| S|CS|TAMS 0x00000000c2d00000, 0x00000000c2d00000| Complete 
|  46|0x00000000c2e00000, 0x00000000c2f00000, 0x00000000c2f00000|100%| S|CS|TAMS 0x00000000c2e00000, 0x00000000c2e00000| Complete 
|  47|0x00000000c2f00000, 0x00000000c3000000, 0x00000000c3000000|100%| S|CS|TAMS 0x00000000c2f00000, 0x00000000c2f00000| Complete 
|  48|0x00000000c3000000, 0x00000000c3100000, 0x00000000c3100000|100%| S|CS|TAMS 0x00000000c3000000, 0x00000000c3000000| Complete 
|  49|0x00000000c3100000, 0x00000000c3200000, 0x00000000c3200000|100%| S|CS|TAMS 0x00000000c3100000, 0x00000000c3100000| Complete 
|  50|0x00000000c3200000, 0x00000000c3200000, 0x00000000c3300000|  0%| F|  |TAMS 0x00000000c3200000, 0x00000000c3200000| Untracked 
|  51|0x00000000c3300000, 0x00000000c3300000, 0x00000000c3400000|  0%| F|  |TAMS 0x00000000c3300000, 0x00000000c3300000| Untracked 
|  52|0x00000000c3400000, 0x00000000c3400000, 0x00000000c3500000|  0%| F|  |TAMS 0x00000000c3400000, 0x00000000c3400000| Untracked 
|  53|0x00000000c3500000, 0x00000000c3500000, 0x00000000c3600000|  0%| F|  |TAMS 0x00000000c3500000, 0x00000000c3500000| Untracked 
|  54|0x00000000c3600000, 0x00000000c3600000, 0x00000000c3700000|  0%| F|  |TAMS 0x00000000c3600000, 0x00000000c3600000| Untracked 
|  55|0x00000000c3700000, 0x00000000c3700000, 0x00000000c3800000|  0%| F|  |TAMS 0x00000000c3700000, 0x00000000c3700000| Untracked 
|  56|0x00000000c3800000, 0x00000000c3800000, 0x00000000c3900000|  0%| F|  |TAMS 0x00000000c3800000, 0x00000000c3800000| Untracked 
|  57|0x00000000c3900000, 0x00000000c3900000, 0x00000000c3a00000|  0%| F|  |TAMS 0x00000000c3900000, 0x00000000c3900000| Untracked 
|  58|0x00000000c3a00000, 0x00000000c3a00000, 0x00000000c3b00000|  0%| F|  |TAMS 0x00000000c3a00000, 0x00000000c3a00000| Untracked 
|  59|0x00000000c3b00000, 0x00000000c3b00000, 0x00000000c3c00000|  0%| F|  |TAMS 0x00000000c3b00000, 0x00000000c3b00000| Untracked 
|  60|0x00000000c3c00000, 0x00000000c3c00000, 0x00000000c3d00000|  0%| F|  |TAMS 0x00000000c3c00000, 0x00000000c3c00000| Untracked 
|  61|0x00000000c3d00000, 0x00000000c3d00000, 0x00000000c3e00000|  0%| F|  |TAMS 0x00000000c3d00000, 0x00000000c3d00000| Untracked 
|  62|0x00000000c3e00000, 0x00000000c3e00000, 0x00000000c3f00000|  0%| F|  |TAMS 0x00000000c3e00000, 0x00000000c3e00000| Untracked 
|  63|0x00000000c3f00000, 0x00000000c3f00000, 0x00000000c4000000|  0%| F|  |TAMS 0x00000000c3f00000, 0x00000000c3f00000| Untracked 
|  64|0x00000000c4000000, 0x00000000c4000000, 0x00000000c4100000|  0%| F|  |TAMS 0x00000000c4000000, 0x00000000c4000000| Untracked 
|  65|0x00000000c4100000, 0x00000000c4100000, 0x00000000c4200000|  0%| F|  |TAMS 0x00000000c4100000, 0x00000000c4100000| Untracked 
|  66|0x00000000c4200000, 0x00000000c4200000, 0x00000000c4300000|  0%| F|  |TAMS 0x00000000c4200000, 0x00000000c4200000| Untracked 
|  67|0x00000000c4300000, 0x00000000c4300000, 0x00000000c4400000|  0%| F|  |TAMS 0x00000000c4300000, 0x00000000c4300000| Untracked 
|  68|0x00000000c4400000, 0x00000000c4400000, 0x00000000c4500000|  0%| F|  |TAMS 0x00000000c4400000, 0x00000000c4400000| Untracked 
|  69|0x00000000c4500000, 0x00000000c4500000, 0x00000000c4600000|  0%| F|  |TAMS 0x00000000c4500000, 0x00000000c4500000| Untracked 
|  70|0x00000000c4600000, 0x00000000c4600000, 0x00000000c4700000|  0%| F|  |TAMS 0x00000000c4600000, 0x00000000c4600000| Untracked 
|  71|0x00000000c4700000, 0x00000000c4700000, 0x00000000c4800000|  0%| F|  |TAMS 0x00000000c4700000, 0x00000000c4700000| Untracked 
|  72|0x00000000c4800000, 0x00000000c4800000, 0x00000000c4900000|  0%| F|  |TAMS 0x00000000c4800000, 0x00000000c4800000| Untracked 
|  73|0x00000000c4900000, 0x00000000c4900000, 0x00000000c4a00000|  0%| F|  |TAMS 0x00000000c4900000, 0x00000000c4900000| Untracked 
|  74|0x00000000c4a00000, 0x00000000c4a00000, 0x00000000c4b00000|  0%| F|  |TAMS 0x00000000c4a00000, 0x00000000c4a00000| Untracked 
|  75|0x00000000c4b00000, 0x00000000c4b00000, 0x00000000c4c00000|  0%| F|  |TAMS 0x00000000c4b00000, 0x00000000c4b00000| Untracked 
|  76|0x00000000c4c00000, 0x00000000c4c00000, 0x00000000c4d00000|  0%| F|  |TAMS 0x00000000c4c00000, 0x00000000c4c00000| Untracked 
|  77|0x00000000c4d00000, 0x00000000c4d00000, 0x00000000c4e00000|  0%| F|  |TAMS 0x00000000c4d00000, 0x00000000c4d00000| Untracked 
|  78|0x00000000c4e00000, 0x00000000c4e00000, 0x00000000c4f00000|  0%| F|  |TAMS 0x00000000c4e00000, 0x00000000c4e00000| Untracked 
|  79|0x00000000c4f00000, 0x00000000c4f00000, 0x00000000c5000000|  0%| F|  |TAMS 0x00000000c4f00000, 0x00000000c4f00000| Untracked 
|  80|0x00000000c5000000, 0x00000000c5000000, 0x00000000c5100000|  0%| F|  |TAMS 0x00000000c5000000, 0x00000000c5000000| Untracked 
|  81|0x00000000c5100000, 0x00000000c5100000, 0x00000000c5200000|  0%| F|  |TAMS 0x00000000c5100000, 0x00000000c5100000| Untracked 
|  82|0x00000000c5200000, 0x00000000c5200000, 0x00000000c5300000|  0%| F|  |TAMS 0x00000000c5200000, 0x00000000c5200000| Untracked 
|  83|0x00000000c5300000, 0x00000000c5300000, 0x00000000c5400000|  0%| F|  |TAMS 0x00000000c5300000, 0x00000000c5300000| Untracked 
|  84|0x00000000c5400000, 0x00000000c5400000, 0x00000000c5500000|  0%| F|  |TAMS 0x00000000c5400000, 0x00000000c5400000| Untracked 
|  85|0x00000000c5500000, 0x00000000c5500000, 0x00000000c5600000|  0%| F|  |TAMS 0x00000000c5500000, 0x00000000c5500000| Untracked 
|  86|0x00000000c5600000, 0x00000000c5600000, 0x00000000c5700000|  0%| F|  |TAMS 0x00000000c5600000, 0x00000000c5600000| Untracked 
|  87|0x00000000c5700000, 0x00000000c5700000, 0x00000000c5800000|  0%| F|  |TAMS 0x00000000c5700000, 0x00000000c5700000| Untracked 
|  88|0x00000000c5800000, 0x00000000c5800000, 0x00000000c5900000|  0%| F|  |TAMS 0x00000000c5800000, 0x00000000c5800000| Untracked 
|  89|0x00000000c5900000, 0x00000000c5900000, 0x00000000c5a00000|  0%| F|  |TAMS 0x00000000c5900000, 0x00000000c5900000| Untracked 
|  90|0x00000000c5a00000, 0x00000000c5a00000, 0x00000000c5b00000|  0%| F|  |TAMS 0x00000000c5a00000, 0x00000000c5a00000| Untracked 
|  91|0x00000000c5b00000, 0x00000000c5b00000, 0x00000000c5c00000|  0%| F|  |TAMS 0x00000000c5b00000, 0x00000000c5b00000| Untracked 
|  92|0x00000000c5c00000, 0x00000000c5c00000, 0x00000000c5d00000|  0%| F|  |TAMS 0x00000000c5c00000, 0x00000000c5c00000| Untracked 
|  93|0x00000000c5d00000, 0x00000000c5d00000, 0x00000000c5e00000|  0%| F|  |TAMS 0x00000000c5d00000, 0x00000000c5d00000| Untracked 
|  94|0x00000000c5e00000, 0x00000000c5e00000, 0x00000000c5f00000|  0%| F|  |TAMS 0x00000000c5e00000, 0x00000000c5e00000| Untracked 
|  95|0x00000000c5f00000, 0x00000000c5f00000, 0x00000000c6000000|  0%| F|  |TAMS 0x00000000c5f00000, 0x00000000c5f00000| Untracked 
|  96|0x00000000c6000000, 0x00000000c609c1e0, 0x00000000c6100000| 60%| E|  |TAMS 0x00000000c6000000, 0x00000000c6000000| Complete 
|  97|0x00000000c6100000, 0x00000000c6200000, 0x00000000c6200000|100%| E|  |TAMS 0x00000000c6100000, 0x00000000c6100000| Complete 
|  98|0x00000000c6200000, 0x00000000c6300000, 0x00000000c6300000|100%| E|CS|TAMS 0x00000000c6200000, 0x00000000c6200000| Complete 
|  99|0x00000000c6300000, 0x00000000c6400000, 0x00000000c6400000|100%| E|CS|TAMS 0x00000000c6300000, 0x00000000c6300000| Complete 
| 100|0x00000000c6400000, 0x00000000c6500000, 0x00000000c6500000|100%| E|CS|TAMS 0x00000000c6400000, 0x00000000c6400000| Complete 
| 101|0x00000000c6500000, 0x00000000c6600000, 0x00000000c6600000|100%| E|CS|TAMS 0x00000000c6500000, 0x00000000c6500000| Complete 
| 102|0x00000000c6600000, 0x00000000c6700000, 0x00000000c6700000|100%| E|CS|TAMS 0x00000000c6600000, 0x00000000c6600000| Complete 
| 103|0x00000000c6700000, 0x00000000c6800000, 0x00000000c6800000|100%| E|CS|TAMS 0x00000000c6700000, 0x00000000c6700000| Complete 
| 104|0x00000000c6800000, 0x00000000c6900000, 0x00000000c6900000|100%| E|CS|TAMS 0x00000000c6800000, 0x00000000c6800000| Complete 
| 105|0x00000000c6900000, 0x00000000c6a00000, 0x00000000c6a00000|100%| E|CS|TAMS 0x00000000c6900000, 0x00000000c6900000| Complete 
| 106|0x00000000c6a00000, 0x00000000c6b00000, 0x00000000c6b00000|100%| E|CS|TAMS 0x00000000c6a00000, 0x00000000c6a00000| Complete 
| 107|0x00000000c6b00000, 0x00000000c6c00000, 0x00000000c6c00000|100%| E|CS|TAMS 0x00000000c6b00000, 0x00000000c6b00000| Complete 
| 108|0x00000000c6c00000, 0x00000000c6d00000, 0x00000000c6d00000|100%| E|CS|TAMS 0x00000000c6c00000, 0x00000000c6c00000| Complete 
| 109|0x00000000c6d00000, 0x00000000c6e00000, 0x00000000c6e00000|100%| E|CS|TAMS 0x00000000c6d00000, 0x00000000c6d00000| Complete 
| 110|0x00000000c6e00000, 0x00000000c6f00000, 0x00000000c6f00000|100%| E|CS|TAMS 0x00000000c6e00000, 0x00000000c6e00000| Complete 
| 111|0x00000000c6f00000, 0x00000000c7000000, 0x00000000c7000000|100%| E|CS|TAMS 0x00000000c6f00000, 0x00000000c6f00000| Complete 
| 112|0x00000000c7000000, 0x00000000c7100000, 0x00000000c7100000|100%| E|CS|TAMS 0x00000000c7000000, 0x00000000c7000000| Complete 
| 113|0x00000000c7100000, 0x00000000c7200000, 0x00000000c7200000|100%| E|CS|TAMS 0x00000000c7100000, 0x00000000c7100000| Complete 
| 114|0x00000000c7200000, 0x00000000c7300000, 0x00000000c7300000|100%| E|CS|TAMS 0x00000000c7200000, 0x00000000c7200000| Complete 
| 115|0x00000000c7300000, 0x00000000c7400000, 0x00000000c7400000|100%| E|CS|TAMS 0x00000000c7300000, 0x00000000c7300000| Complete 
| 116|0x00000000c7400000, 0x00000000c7500000, 0x00000000c7500000|100%| E|CS|TAMS 0x00000000c7400000, 0x00000000c7400000| Complete 
| 131|0x00000000c8300000, 0x00000000c8400000, 0x00000000c8400000|100%| E|CS|TAMS 0x00000000c8300000, 0x00000000c8300000| Complete 
| 132|0x00000000c8400000, 0x00000000c8500000, 0x00000000c8500000|100%| E|CS|TAMS 0x00000000c8400000, 0x00000000c8400000| Complete 
| 133|0x00000000c8500000, 0x00000000c8600000, 0x00000000c8600000|100%| E|CS|TAMS 0x00000000c8500000, 0x00000000c8500000| Complete 
| 134|0x00000000c8600000, 0x00000000c8700000, 0x00000000c8700000|100%| E|CS|TAMS 0x00000000c8600000, 0x00000000c8600000| Complete 
| 135|0x00000000c8700000, 0x00000000c8800000, 0x00000000c8800000|100%| E|CS|TAMS 0x00000000c8700000, 0x00000000c8700000| Complete 
| 136|0x00000000c8800000, 0x00000000c8900000, 0x00000000c8900000|100%| E|CS|TAMS 0x00000000c8800000, 0x00000000c8800000| Complete 
| 137|0x00000000c8900000, 0x00000000c8a00000, 0x00000000c8a00000|100%| E|CS|TAMS 0x00000000c8900000, 0x00000000c8900000| Complete 

Card table byte_map: [0x00000226f4fc0000,0x00000226f51c0000] _byte_map_base: 0x00000226f49c0000

Marking Bits (Prev, Next): (CMBitMap*) 0x00000226de066b20, (CMBitMap*) 0x00000226de066ae0
 Prev Bits: [0x00000226f63c0000, 0x00000226f73c0000)
 Next Bits: [0x00000226f53c0000, 0x00000226f63c0000)

Polling page: 0x00000226dd7a0000

Metaspace:

Usage:
  Non-class:     59.56 MB used.
      Class:      8.42 MB used.
       Both:     67.99 MB used.

Virtual space:
  Non-class space:       64.00 MB reserved,      59.81 MB ( 93%) committed,  8 nodes.
      Class space:        1.00 GB reserved,       8.62 MB ( <1%) committed,  1 nodes.
             Both:        1.06 GB reserved,      68.44 MB (  6%) committed. 

Chunk freelists:
   Non-Class:  3.25 MB
       Class:  3.27 MB
        Both:  6.52 MB

MaxMetaspaceSize: unlimited
CompressedClassSpaceSize: 1.00 GB
Initial GC threshold: 21.00 MB
Current GC threshold: 99.38 MB
CDS: on
MetaspaceReclaimPolicy: balanced
 - commit_granule_bytes: 65536.
 - commit_granule_words: 8192.
 - virtual_space_node_default_size: 1048576.
 - enlarge_chunks_in_place: 1.
 - new_chunks_are_fully_committed: 0.
 - uncommit_free_chunks: 1.
 - use_allocation_guard: 0.
 - handle_deallocations: 1.


Internal statistics:

num_allocs_failed_limit: 9.
num_arena_births: 756.
num_arena_deaths: 158.
num_vsnodes_births: 9.
num_vsnodes_deaths: 0.
num_space_committed: 1092.
num_space_uncommitted: 0.
num_chunks_returned_to_freelist: 227.
num_chunks_taken_from_freelist: 3259.
num_chunk_merges: 73.
num_chunk_splits: 2268.
num_chunks_enlarged: 1743.
num_purges: 2.
num_inconsistent_stats: 0.

CodeHeap 'non-profiled nmethods': size=120000Kb used=3602Kb max_used=3602Kb free=116397Kb
 bounds [0x00000226ed560000, 0x00000226ed8f0000, 0x00000226f4a90000]
CodeHeap 'profiled nmethods': size=120000Kb used=11071Kb max_used=12173Kb free=108929Kb
 bounds [0x00000226e6030000, 0x00000226e6c20000, 0x00000226ed560000]
CodeHeap 'non-nmethods': size=5760Kb used=1441Kb max_used=1489Kb free=4318Kb
 bounds [0x00000226e5a90000, 0x00000226e5d00000, 0x00000226e6030000]
 total_blobs=7213 nmethods=6425 adapters=699
 compilation: enabled
              stopped_count=0, restarted_count=0
 full_count=0

Compilation events (20 events):
Event: 12.905 Thread 0x00000226f9b11d90 nmethod 7382 0x00000226e69d0990 code [0x00000226e69d0bc0, 0x00000226e69d16f8]
Event: 12.905 Thread 0x00000226f9b11d90 7383       3       java.util.TimSort::gallopLeft (335 bytes)
Event: 12.905 Thread 0x00000226804d4820 nmethod 7358 0x00000226ed8db590 code [0x00000226ed8db720, 0x00000226ed8dc258]
Event: 12.906 Thread 0x00000226804d4820 7351       4       com.google.protobuf.CodedOutputStream$AbstractBufferedEncoder::bufferUInt32NoTag (185 bytes)
Event: 12.906 Thread 0x00000226f9b11d90 nmethod 7383 0x00000226e69cf890 code [0x00000226e69cfac0, 0x00000226e69d05b8]
Event: 12.907 Thread 0x00000226804d4820 nmethod 7351 0x00000226ed8dc610 code [0x00000226ed8dc780, 0x00000226ed8dc898]
Event: 12.907 Thread 0x00000226804d4820 7373       4       java.lang.CharacterDataLatin1::isDigit (18 bytes)
Event: 12.907 Thread 0x00000226804d4820 nmethod 7373 0x00000226ed8dca10 code [0x00000226ed8dcb80, 0x00000226ed8dcc18]
Event: 12.907 Thread 0x00000226804d4820 7372       4       scala.meta.internal.metals.ZeroCopySubSequence::charAt (16 bytes)
Event: 12.909 Thread 0x00000226804d4820 nmethod 7372 0x00000226ed8dcd10 code [0x00000226ed8dcea0, 0x00000226ed8dcfd8]
Event: 12.909 Thread 0x00000226804d4820 7310       4       java.util.ArrayList::elementAt (4 bytes)
Event: 12.909 Thread 0x00000226804d4820 nmethod 7310 0x00000226ed8dd190 code [0x00000226ed8dd300, 0x00000226ed8dd398]
Event: 12.910 Thread 0x00000226804d4820 7360       4       com.google.common.base.Preconditions::checkNotNull (14 bytes)
Event: 12.910 Thread 0x00000226804d4820 nmethod 7360 0x00000226ed8dd490 code [0x00000226ed8dd600, 0x00000226ed8dd678]
Event: 12.910 Thread 0x00000226f9b11d90 7384       3       java.util.TimSort::mergeCollapse (134 bytes)
Event: 12.911 Thread 0x00000226f9b11d90 nmethod 7384 0x00000226e60e9090 code [0x00000226e60e9260, 0x00000226e60e9788]
Event: 12.915 Thread 0x00000226804d4820 7385       4       scala.meta.internal.metals.Fuzzy::lastIndex (56 bytes)
Event: 12.920 Thread 0x00000226804d4820 nmethod 7385 0x00000226ed8dd790 code [0x00000226ed8dd920, 0x00000226ed8ddb88]
Event: 12.920 Thread 0x00000226804d4820 7386       4       scala.meta.internal.metals.Compression$$$Lambda$2495/0x0000000801469bc8::apply (12 bytes)
Event: 12.920 Thread 0x00000226f9b11d90 7388       3       java.util.TimSort::mergeHi (732 bytes)

GC Heap History (20 events):
Event: 10.681 GC heap before
{Heap before GC invocations=11 (full 0):
 garbage-first heap   total 102400K, used 78654K [0x00000000c0000000, 0x0000000100000000)
  region size 1024K, 54 young (55296K), 2 survivors (2048K)
 Metaspace       used 51795K, committed 52352K, reserved 1097728K
  class space    used 6482K, committed 6720K, reserved 1048576K
}
Event: 10.685 GC heap after
{Heap after GC invocations=12 (full 0):
 garbage-first heap   total 141312K, used 24893K [0x00000000c0000000, 0x0000000100000000)
  region size 1024K, 2 young (2048K), 2 survivors (2048K)
 Metaspace       used 51795K, committed 52352K, reserved 1097728K
  class space    used 6482K, committed 6720K, reserved 1048576K
}
Event: 11.062 GC heap before
{Heap before GC invocations=12 (full 0):
 garbage-first heap   total 141312K, used 106813K [0x00000000c0000000, 0x0000000100000000)
  region size 1024K, 82 young (83968K), 2 survivors (2048K)
 Metaspace       used 53014K, committed 53504K, reserved 1097728K
  class space    used 6604K, committed 6848K, reserved 1048576K
}
Event: 11.065 GC heap after
{Heap after GC invocations=13 (full 0):
 garbage-first heap   total 141312K, used 25322K [0x00000000c0000000, 0x0000000100000000)
  region size 1024K, 2 young (2048K), 2 survivors (2048K)
 Metaspace       used 53014K, committed 53504K, reserved 1097728K
  class space    used 6604K, committed 6848K, reserved 1048576K
}
Event: 11.235 GC heap before
{Heap before GC invocations=13 (full 0):
 garbage-first heap   total 141312K, used 107242K [0x00000000c0000000, 0x0000000100000000)
  region size 1024K, 82 young (83968K), 2 survivors (2048K)
 Metaspace       used 54911K, committed 55424K, reserved 1097728K
  class space    used 6812K, committed 7040K, reserved 1048576K
}
Event: 11.237 GC heap after
{Heap after GC invocations=14 (full 0):
 garbage-first heap   total 141312K, used 26706K [0x00000000c0000000, 0x0000000100000000)
  region size 1024K, 3 young (3072K), 3 survivors (3072K)
 Metaspace       used 54911K, committed 55424K, reserved 1097728K
  class space    used 6812K, committed 7040K, reserved 1048576K
}
Event: 11.417 GC heap before
{Heap before GC invocations=14 (full 0):
 garbage-first heap   total 141312K, used 106578K [0x00000000c0000000, 0x0000000100000000)
  region size 1024K, 82 young (83968K), 3 survivors (3072K)
 Metaspace       used 56916K, committed 57536K, reserved 1105920K
  class space    used 7068K, committed 7360K, reserved 1048576K
}
Event: 11.419 GC heap after
{Heap after GC invocations=15 (full 0):
 garbage-first heap   total 141312K, used 27267K [0x00000000c0000000, 0x0000000100000000)
  region size 1024K, 4 young (4096K), 4 survivors (4096K)
 Metaspace       used 56916K, committed 57536K, reserved 1105920K
  class space    used 7068K, committed 7360K, reserved 1048576K
}
Event: 11.828 GC heap before
{Heap before GC invocations=15 (full 0):
 garbage-first heap   total 141312K, used 107139K [0x00000000c0000000, 0x0000000100000000)
  region size 1024K, 82 young (83968K), 4 survivors (4096K)
 Metaspace       used 58264K, committed 58816K, reserved 1105920K
  class space    used 7269K, committed 7552K, reserved 1048576K
}
Event: 11.831 GC heap after
{Heap after GC invocations=16 (full 0):
 garbage-first heap   total 141312K, used 27587K [0x00000000c0000000, 0x0000000100000000)
  region size 1024K, 4 young (4096K), 4 survivors (4096K)
 Metaspace       used 58264K, committed 58816K, reserved 1105920K
  class space    used 7269K, committed 7552K, reserved 1048576K
}
Event: 12.178 GC heap before
{Heap before GC invocations=16 (full 0):
 garbage-first heap   total 141312K, used 106435K [0x00000000c0000000, 0x0000000100000000)
  region size 1024K, 82 young (83968K), 4 survivors (4096K)
 Metaspace       used 58633K, committed 59200K, reserved 1105920K
  class space    used 7290K, committed 7552K, reserved 1048576K
}
Event: 12.181 GC heap after
{Heap after GC invocations=17 (full 0):
 garbage-first heap   total 141312K, used 29767K [0x00000000c0000000, 0x0000000100000000)
  region size 1024K, 6 young (6144K), 6 survivors (6144K)
 Metaspace       used 58633K, committed 59200K, reserved 1105920K
  class space    used 7290K, committed 7552K, reserved 1048576K
}
Event: 12.288 GC heap before
{Heap before GC invocations=17 (full 0):
 garbage-first heap   total 141312K, used 87111K [0x00000000c0000000, 0x0000000100000000)
  region size 1024K, 63 young (64512K), 6 survivors (6144K)
 Metaspace       used 60198K, committed 60736K, reserved 1105920K
  class space    used 7475K, committed 7744K, reserved 1048576K
}
Event: 12.290 GC heap after
{Heap after GC invocations=18 (full 0):
 garbage-first heap   total 141312K, used 29646K [0x00000000c0000000, 0x0000000100000000)
  region size 1024K, 6 young (6144K), 6 survivors (6144K)
 Metaspace       used 60198K, committed 60736K, reserved 1105920K
  class space    used 7475K, committed 7744K, reserved 1048576K
}
Event: 12.463 GC heap before
{Heap before GC invocations=19 (full 0):
 garbage-first heap   total 126976K, used 107470K [0x00000000c0000000, 0x0000000100000000)
  region size 1024K, 82 young (83968K), 6 survivors (6144K)
 Metaspace       used 62118K, committed 62592K, reserved 1105920K
  class space    used 7806K, committed 8064K, reserved 1048576K
}
Event: 12.466 GC heap after
{Heap after GC invocations=20 (full 0):
 garbage-first heap   total 126976K, used 29839K [0x00000000c0000000, 0x0000000100000000)
  region size 1024K, 6 young (6144K), 6 survivors (6144K)
 Metaspace       used 62118K, committed 62592K, reserved 1105920K
  class space    used 7806K, committed 8064K, reserved 1048576K
}
Event: 12.610 GC heap before
{Heap before GC invocations=20 (full 0):
 garbage-first heap   total 126976K, used 99471K [0x00000000c0000000, 0x0000000100000000)
  region size 1024K, 74 young (75776K), 6 survivors (6144K)
 Metaspace       used 64575K, committed 65024K, reserved 1105920K
  class space    used 8114K, committed 8320K, reserved 1048576K
}
Event: 12.614 GC heap after
{Heap after GC invocations=21 (full 0):
 garbage-first heap   total 126976K, used 30349K [0x00000000c0000000, 0x0000000100000000)
  region size 1024K, 6 young (6144K), 6 survivors (6144K)
 Metaspace       used 64575K, committed 65024K, reserved 1105920K
  class space    used 8114K, committed 8320K, reserved 1048576K
}
Event: 12.865 GC heap before
{Heap before GC invocations=21 (full 0):
 garbage-first heap   total 126976K, used 101005K [0x00000000c0000000, 0x0000000100000000)
  region size 1024K, 74 young (75776K), 6 survivors (6144K)
 Metaspace       used 68049K, committed 68544K, reserved 1114112K
  class space    used 8457K, committed 8704K, reserved 1048576K
}
Event: 12.868 GC heap after
{Heap after GC invocations=22 (full 0):
 garbage-first heap   total 126976K, used 32638K [0x00000000c0000000, 0x0000000100000000)
  region size 1024K, 7 young (7168K), 7 survivors (7168K)
 Metaspace       used 68049K, committed 68544K, reserved 1114112K
  class space    used 8457K, committed 8704K, reserved 1048576K
}

Deoptimization events (20 events):
Event: 12.466 Thread 0x00000226f9ae36c0 Uncommon trap: trap_request=0xffffff45 fr.pc=0x00000226ed601870 relative=0x00000000000004b0
Event: 12.466 Thread 0x00000226f9ae36c0 Uncommon trap: reason=unstable_if action=reinterpret pc=0x00000226ed601870 method=java.lang.ref.ReferenceQueue.enqueue(Ljava/lang/ref/Reference;)Z @ 94 c2
Event: 12.466 Thread 0x00000226f9ae36c0 DEOPT PACKING pc=0x00000226ed601870 sp=0x000000a7e37ff130
Event: 12.466 Thread 0x00000226f9ae36c0 DEOPT UNPACKING pc=0x00000226e5ae23a3 sp=0x000000a7e37ff0e8 mode 2
Event: 12.880 Thread 0x00000226fb390280 Uncommon trap: trap_request=0xffffffbe fr.pc=0x00000226ed8d4178 relative=0x00000000000006d8
Event: 12.880 Thread 0x00000226fb390280 Uncommon trap: reason=profile_predicate action=maybe_recompile pc=0x00000226ed8d4178 method=scala.meta.internal.metals.Fuzzy.endsWith(Ljava/lang/CharSequence;Ljava/lang/String;)Z @ 39 c2
Event: 12.880 Thread 0x00000226fb390280 DEOPT PACKING pc=0x00000226ed8d4178 sp=0x000000a7e88fe3f0
Event: 12.880 Thread 0x00000226fb390280 DEOPT UNPACKING pc=0x00000226e5ae23a3 sp=0x000000a7e88fe368 mode 2
Event: 12.880 Thread 0x00000226fb390280 Uncommon trap: trap_request=0xffffffbe fr.pc=0x00000226ed8d4178 relative=0x00000000000006d8
Event: 12.880 Thread 0x00000226fb390280 Uncommon trap: reason=profile_predicate action=maybe_recompile pc=0x00000226ed8d4178 method=scala.meta.internal.metals.Fuzzy.endsWith(Ljava/lang/CharSequence;Ljava/lang/String;)Z @ 39 c2
Event: 12.880 Thread 0x00000226fb390280 DEOPT PACKING pc=0x00000226ed8d4178 sp=0x000000a7e88fe3f0
Event: 12.880 Thread 0x00000226fb390280 DEOPT UNPACKING pc=0x00000226e5ae23a3 sp=0x000000a7e88fe368 mode 2
Event: 12.880 Thread 0x00000226fb390280 Uncommon trap: trap_request=0xffffffbe fr.pc=0x00000226ed8d4178 relative=0x00000000000006d8
Event: 12.880 Thread 0x00000226fb390280 Uncommon trap: reason=profile_predicate action=maybe_recompile pc=0x00000226ed8d4178 method=scala.meta.internal.metals.Fuzzy.endsWith(Ljava/lang/CharSequence;Ljava/lang/String;)Z @ 39 c2
Event: 12.880 Thread 0x00000226fb390280 DEOPT PACKING pc=0x00000226ed8d4178 sp=0x000000a7e88fe3f0
Event: 12.880 Thread 0x00000226fb390280 DEOPT UNPACKING pc=0x00000226e5ae23a3 sp=0x000000a7e88fe368 mode 2
Event: 12.880 Thread 0x00000226fb390280 Uncommon trap: trap_request=0xffffffbe fr.pc=0x00000226ed8d4178 relative=0x00000000000006d8
Event: 12.880 Thread 0x00000226fb390280 Uncommon trap: reason=profile_predicate action=maybe_recompile pc=0x00000226ed8d4178 method=scala.meta.internal.metals.Fuzzy.endsWith(Ljava/lang/CharSequence;Ljava/lang/String;)Z @ 39 c2
Event: 12.880 Thread 0x00000226fb390280 DEOPT PACKING pc=0x00000226ed8d4178 sp=0x000000a7e88fe3f0
Event: 12.880 Thread 0x00000226fb390280 DEOPT UNPACKING pc=0x00000226e5ae23a3 sp=0x000000a7e88fe368 mode 2

Classes unloaded (20 events):
Event: 12.310 Thread 0x00000226f9adfbc0 Unloading class 0x00000008011a3400 'java/lang/invoke/LambdaForm$MH+0x00000008011a3400'
Event: 12.310 Thread 0x00000226f9adfbc0 Unloading class 0x00000008011a3000 'java/lang/invoke/LambdaForm$DMH+0x00000008011a3000'
Event: 12.310 Thread 0x00000226f9adfbc0 Unloading class 0x00000008011a2c00 'java/lang/invoke/LambdaForm$DMH+0x00000008011a2c00'
Event: 12.310 Thread 0x00000226f9adfbc0 Unloading class 0x00000008011a2800 'java/lang/invoke/LambdaForm$DMH+0x00000008011a2800'
Event: 12.310 Thread 0x00000226f9adfbc0 Unloading class 0x00000008011a1c00 'java/lang/invoke/LambdaForm$DMH+0x00000008011a1c00'
Event: 12.310 Thread 0x00000226f9adfbc0 Unloading class 0x00000008011a1000 'java/lang/invoke/LambdaForm$MH+0x00000008011a1000'
Event: 12.310 Thread 0x00000226f9adfbc0 Unloading class 0x00000008011a0c00 'java/lang/invoke/LambdaForm$MH+0x00000008011a0c00'
Event: 12.310 Thread 0x00000226f9adfbc0 Unloading class 0x00000008011a0800 'java/lang/invoke/LambdaForm$MH+0x00000008011a0800'
Event: 12.310 Thread 0x00000226f9adfbc0 Unloading class 0x00000008011a0400 'java/lang/invoke/LambdaForm$DMH+0x00000008011a0400'
Event: 12.310 Thread 0x00000226f9adfbc0 Unloading class 0x00000008011a0000 'java/lang/invoke/LambdaForm$DMH+0x00000008011a0000'
Event: 12.310 Thread 0x00000226f9adfbc0 Unloading class 0x000000080119bc00 'java/lang/invoke/LambdaForm$DMH+0x000000080119bc00'
Event: 12.310 Thread 0x00000226f9adfbc0 Unloading class 0x000000080119b000 'java/lang/invoke/LambdaForm$DMH+0x000000080119b000'
Event: 12.310 Thread 0x00000226f9adfbc0 Unloading class 0x000000080119ac00 'java/lang/invoke/LambdaForm$DMH+0x000000080119ac00'
Event: 12.310 Thread 0x00000226f9adfbc0 Unloading class 0x000000080119a800 'java/lang/invoke/LambdaForm$DMH+0x000000080119a800'
Event: 12.310 Thread 0x00000226f9adfbc0 Unloading class 0x000000080119a000 'java/lang/invoke/LambdaForm$DMH+0x000000080119a000'
Event: 12.310 Thread 0x00000226f9adfbc0 Unloading class 0x0000000801199c00 'java/lang/invoke/LambdaForm$DMH+0x0000000801199c00'
Event: 12.310 Thread 0x00000226f9adfbc0 Unloading class 0x0000000801198c00 'java/lang/invoke/LambdaForm$DMH+0x0000000801198c00'
Event: 12.310 Thread 0x00000226f9adfbc0 Unloading class 0x0000000801198000 'java/lang/invoke/LambdaForm$DMH+0x0000000801198000'
Event: 12.310 Thread 0x00000226f9adfbc0 Unloading class 0x0000000801198400 'java/lang/invoke/LambdaForm$DMH+0x0000000801198400'
Event: 12.310 Thread 0x00000226f9adfbc0 Unloading class 0x000000080117c400 'java/lang/invoke/LambdaForm$DMH+0x000000080117c400'

Classes redefined (0 events):
No events

Internal exceptions (20 events):
Event: 12.064 Thread 0x00000226fdbfc480 Exception <a 'sun/nio/fs/WindowsException'{0x00000000c6383910}> (0x00000000c6383910) 
thrown [e:\jenkins\tmp\workspace\build\src\src\hotspot\share\prims\jni.cpp, line 516]
Event: 12.064 Thread 0x00000226fdbfc480 Exception <a 'sun/nio/fs/WindowsException'{0x00000000c6383bd0}> (0x00000000c6383bd0) 
thrown [e:\jenkins\tmp\workspace\build\src\src\hotspot\share\prims\jni.cpp, line 516]
Event: 12.065 Thread 0x00000226fdbfc480 Exception <a 'sun/nio/fs/WindowsException'{0x00000000c63863a8}> (0x00000000c63863a8) 
thrown [e:\jenkins\tmp\workspace\build\src\src\hotspot\share\prims\jni.cpp, line 516]
Event: 12.065 Thread 0x00000226fdbfc480 Exception <a 'sun/nio/fs/WindowsException'{0x00000000c6386668}> (0x00000000c6386668) 
thrown [e:\jenkins\tmp\workspace\build\src\src\hotspot\share\prims\jni.cpp, line 516]
Event: 12.066 Thread 0x00000226fb38f410 Exception <a 'sun/nio/fs/WindowsException'{0x00000000c70892d0}> (0x00000000c70892d0) 
thrown [e:\jenkins\tmp\workspace\build\src\src\hotspot\share\prims\jni.cpp, line 516]
Event: 12.066 Thread 0x00000226fb38f410 Exception <a 'sun/nio/fs/WindowsException'{0x00000000c7089590}> (0x00000000c7089590) 
thrown [e:\jenkins\tmp\workspace\build\src\src\hotspot\share\prims\jni.cpp, line 516]
Event: 12.069 Thread 0x00000226fc149e80 Exception <a 'sun/nio/fs/WindowsException'{0x00000000c6103270}> (0x00000000c6103270) 
thrown [e:\jenkins\tmp\workspace\build\src\src\hotspot\share\prims\jni.cpp, line 516]
Event: 12.460 Thread 0x00000226fdbfc480 Exception <a 'java/lang/NullPointerException'{0x00000000c2b82600}> (0x00000000c2b82600) 
thrown [e:\jenkins\tmp\workspace\build\src\src\hotspot\share\interpreter\linkResolver.cpp, line 1357]
Event: 12.550 Thread 0x00000226fc9906e0 Exception <a 'java/lang/NoSuchMethodError'{0x00000000c6f926f0}: 'java.lang.Object java.lang.invoke.DirectMethodHandle$Holder.newInvokeSpecial(java.lang.Object, java.lang.Object, java.lang.Object, int, java.lang.Object, java.lang.Object)'> (0x00000000c6f926f0) 
thrown [e:\jenkins\tmp\workspace\build\src\src\hotspot\share\interpreter\linkResolver.cpp, line 766]
Event: 12.550 Thread 0x00000226fc9906e0 Exception <a 'java/lang/NoSuchMethodError'{0x00000000c6f99eb8}: 'java.lang.Object java.lang.invoke.Invokers$Holder.linkToTargetMethod(java.lang.Object, java.lang.Object, int, java.lang.Object, java.lang.Object, java.lang.Object)'> (0x00000000c6f99eb8) 
thrown [e:\jenkins\tmp\workspace\build\src\src\hotspot\share\interpreter\linkResolver.cpp, line 766]
Event: 12.672 Thread 0x00000226fb390280 Exception <a 'java/lang/NoSuchMethodError'{0x00000000c696c1d0}: 'java.lang.Object java.lang.invoke.DirectMethodHandle$Holder.invokeStatic(java.lang.Object, java.lang.Object, java.lang.Object, java.lang.Object, int, java.lang.Object, java.lang.Object)'> (0x00000000c696c1d0) 
thrown [e:\jenkins\tmp\workspace\build\src\src\hotspot\share\interpreter\linkResolver.cpp, line 766]
Event: 12.672 Thread 0x00000226fb390280 Exception <a 'java/lang/NoSuchMethodError'{0x00000000c6975b30}: 'java.lang.Object java.lang.invoke.DirectMethodHandle$Holder.newInvokeSpecial(java.lang.Object, java.lang.Object, java.lang.Object, java.lang.Object, int, java.lang.Object)'> (0x00000000c6975b30) 
thrown [e:\jenkins\tmp\workspace\build\src\src\hotspot\share\interpreter\linkResolver.cpp, line 766]
Event: 12.673 Thread 0x00000226fb390280 Exception <a 'java/lang/NoSuchMethodError'{0x00000000c6979ba8}: 'java.lang.Object java.lang.invoke.Invokers$Holder.linkToTargetMethod(java.lang.Object, java.lang.Object, java.lang.Object, int, java.lang.Object, java.lang.Object)'> (0x00000000c6979ba8) 
thrown [e:\jenkins\tmp\workspace\build\src\src\hotspot\share\interpreter\linkResolver.cpp, line 766]
Event: 12.692 Thread 0x00000226fb390280 Exception <a 'java/lang/NoSuchMethodError'{0x00000000c68c6300}: 'java.lang.Object java.lang.invoke.DirectMethodHandle$Holder.newInvokeSpecial(java.lang.Object, java.lang.Object, java.lang.Object, java.lang.Object, int, java.lang.Object, java.lang.Object)'> (0x00000000c68c6300) 
thrown [e:\jenkins\tmp\workspace\build\src\src\hotspot\share\interpreter\linkResolver.cpp, line 766]
Event: 12.693 Thread 0x00000226fb390280 Exception <a 'java/lang/NoSuchMethodError'{0x00000000c68cf220}: 'java.lang.Object java.lang.invoke.Invokers$Holder.linkToTargetMethod(java.lang.Object, java.lang.Object, java.lang.Object, int, java.lang.Object, java.lang.Object, java.lang.Object)'> (0x00000000c68cf220) 
thrown [e:\jenkins\tmp\workspace\build\src\src\hotspot\share\interpreter\linkResolver.cpp, line 766]
Event: 12.729 Thread 0x00000226fea26280 Exception <a 'java/lang/NoSuchMethodError'{0x00000000c66e1c30}: 'java.lang.Object java.lang.invoke.DirectMethodHandle$Holder.invokeSpecial(java.lang.Object, java.lang.Object, java.lang.Object, java.lang.Object, java.lang.Object, java.lang.Object, java.lang.Object, java.lang.Object, java.lang.Object, java.lang.Object, java.lang.Object, java.lang.Object)'> (0x00000000c66e1c30) 
thrown [e:\jenkins\tmp\workspace\build\src\src\hotspot\share\interpreter\linkResolver.cpp, line 766]
Event: 12.730 Thread 0x00000226fea26280 Exception <a 'java/lang/NoSuchMethodError'{0x00000000c66edd90}: 'java.lang.Object java.lang.invoke.DirectMethodHandle$Holder.newInvokeSpecial(java.lang.Object, java.lang.Object, java.lang.Object, java.lang.Object, java.lang.Object, java.lang.Object, java.lang.Object, java.lang.Object, java.lang.Object, java.lang.Object, java.lang.Object)'> (0x00000000c66edd90) 
thrown [e:\jenkins\tmp\workspace\build\src\src\hotspot\share\interpreter\linkResolver.cpp, line 766]
Event: 12.730 Thread 0x00000226fea26280 Exception <a 'java/lang/NoSuchMethodError'{0x00000000c66f2808}: 'java.lang.Object java.lang.invoke.Invokers$Holder.linkToTargetMethod(java.lang.Object, java.lang.Object, java.lang.Object, java.lang.Object, java.lang.Object, java.lang.Object, java.lang.Object, java.lang.Object, java.lang.Object, java.lang.Object, java.lang.Object)'> (0x00000000c66f2808) 
thrown [e:\jenkins\tmp\workspace\build\src\src\hotspot\share\interpreter\linkResolver.cpp, line 766]
Event: 12.779 Thread 0x00000226fea26280 Exception <a 'java/lang/NoSuchMethodError'{0x00000000c5c00a38}: 'java.lang.Object java.lang.invoke.DirectMethodHandle$Holder.invokeSpecialIFC(java.lang.Object, java.lang.Object, java.lang.Object, java.lang.Object)'> (0x00000000c5c00a38) 
thrown [e:\jenkins\tmp\workspace\build\src\src\hotspot\share\interpreter\linkResolver.cpp, line 766]
Event: 12.840 Thread 0x00000226fea26280 Exception <a 'java/lang/NoSuchMethodError'{0x00000000c45d8868}: 'int java.lang.invoke.Invokers$Holder.invoke_MT(java.lang.Object, java.lang.Object, java.lang.Object)'> (0x00000000c45d8868) 
thrown [e:\jenkins\tmp\workspace\build\src\src\hotspot\share\interpreter\linkResolver.cpp, line 766]

VM Operations (20 events):
Event: 12.092 Executing VM operation: ICBufferFull
Event: 12.092 Executing VM operation: ICBufferFull done
Event: 12.178 Executing VM operation: G1CollectForAllocation
Event: 12.181 Executing VM operation: G1CollectForAllocation done
Event: 12.288 Executing VM operation: CollectForMetadataAllocation
Event: 12.291 Executing VM operation: CollectForMetadataAllocation done
Event: 12.309 Executing VM operation: G1Concurrent
Event: 12.316 Executing VM operation: G1Concurrent done
Event: 12.325 Executing VM operation: G1Concurrent
Event: 12.326 Executing VM operation: G1Concurrent done
Event: 12.463 Executing VM operation: G1CollectForAllocation
Event: 12.466 Executing VM operation: G1CollectForAllocation done
Event: 12.491 Executing VM operation: HandshakeAllThreads
Event: 12.491 Executing VM operation: HandshakeAllThreads done
Event: 12.493 Executing VM operation: HandshakeAllThreads
Event: 12.493 Executing VM operation: HandshakeAllThreads done
Event: 12.610 Executing VM operation: G1CollectForAllocation
Event: 12.614 Executing VM operation: G1CollectForAllocation done
Event: 12.865 Executing VM operation: G1CollectForAllocation
Event: 12.868 Executing VM operation: G1CollectForAllocation done

Events (20 events):
Event: 12.118 loading class java/net/URLClassLoader$1 done
Event: 12.119 loading class java/io/FilePermissionCollection
Event: 12.120 loading class java/io/FilePermissionCollection done
Event: 12.120 loading class java/io/FilePermissionCollection$1
Event: 12.120 loading class java/io/FilePermissionCollection$1 done
Event: 12.495 Thread 0x00000226fea26280 Thread added: 0x00000226fea26280
Event: 12.496 loading class java/util/concurrent/CompletableFuture$Signaller
Event: 12.497 loading class java/util/concurrent/CompletableFuture$Signaller done
Event: 12.599 loading class java/nio/file/InvalidPathException
Event: 12.599 loading class java/nio/file/InvalidPathException done
Event: 12.655 loading class java/lang/invoke/VarHandleLongs$Array
Event: 12.656 loading class java/lang/invoke/VarHandleLongs$Array done
Event: 12.717 loading class java/nio/BufferUnderflowException
Event: 12.717 loading class java/nio/BufferUnderflowException done
Event: 12.735 loading class java/util/zip/Deflater
Event: 12.735 loading class java/util/zip/Deflater done
Event: 12.736 loading class java/net/URLClassLoader$2
Event: 12.736 loading class java/net/URLClassLoader$2 done
Event: 12.738 loading class java/util/zip/Deflater$DeflaterZStreamRef
Event: 12.738 loading class java/util/zip/Deflater$DeflaterZStreamRef done


Dynamic libraries:
0x00007ff61d7e0000 - 0x00007ff61d7ee000 	C:\Users\Moustapha\AppData\Local\Coursier\cache\arc\https\github.com\adoptium\temurin17-binaries\releases\download\jdk-17%252B35\OpenJDK17-jdk_x64_windows_hotspot_17_35.zip\jdk-17+35\bin\java.exe
0x00007ffed2370000 - 0x00007ffed2587000 	C:\WINDOWS\SYSTEM32\ntdll.dll
0x00007ffed1100000 - 0x00007ffed11c4000 	C:\WINDOWS\System32\KERNEL32.DLL
0x00007ffecf7c0000 - 0x00007ffecfb6c000 	C:\WINDOWS\System32\KERNELBASE.dll
0x00007ffec9410000 - 0x00007ffec94a7000 	C:\WINDOWS\SYSTEM32\apphelp.dll
0x0000000064e60000 - 0x0000000065192000 	C:\Program Files\Norton Security\NortonData\22.20.5.40\Definitions\IPSDefs\20240624.064\IPSEng64.dll
0x00007ffed0e70000 - 0x00007ffed0f22000 	C:\WINDOWS\System32\ADVAPI32.dll
0x00007ffed01e0000 - 0x00007ffed0287000 	C:\WINDOWS\System32\msvcrt.dll
0x00007ffed0f30000 - 0x00007ffed0fda000 	C:\WINDOWS\System32\sechost.dll
0x00007ffecf6d0000 - 0x00007ffecf6f8000 	C:\WINDOWS\System32\bcrypt.dll
0x00007ffed1330000 - 0x00007ffed1445000 	C:\WINDOWS\System32\RPCRT4.dll
0x00007ffed14d0000 - 0x00007ffed14d8000 	C:\WINDOWS\System32\PSAPI.DLL
0x00007ffecff90000 - 0x00007ffed00a1000 	C:\WINDOWS\System32\ucrtbase.dll
0x00007ffecacb0000 - 0x00007ffecacc9000 	C:\Users\Moustapha\AppData\Local\Coursier\cache\arc\https\github.com\adoptium\temurin17-binaries\releases\download\jdk-17%252B35\OpenJDK17-jdk_x64_windows_hotspot_17_35.zip\jdk-17+35\bin\VCRUNTIME140.dll
0x00007ffecb0d0000 - 0x00007ffecb0e8000 	C:\Users\Moustapha\AppData\Local\Coursier\cache\arc\https\github.com\adoptium\temurin17-binaries\releases\download\jdk-17%252B35\OpenJDK17-jdk_x64_windows_hotspot_17_35.zip\jdk-17+35\bin\jli.dll
0x00007ffed14e0000 - 0x00007ffed168e000 	C:\WINDOWS\System32\USER32.dll
0x00007ffeb9850000 - 0x00007ffeb9ae3000 	C:\WINDOWS\WinSxS\amd64_microsoft.windows.common-controls_6595b64144ccf1df_6.0.22621.3672_none_2713b9d173822955\COMCTL32.dll
0x00007ffecf6a0000 - 0x00007ffecf6c6000 	C:\WINDOWS\System32\win32u.dll
0x00007ffed1690000 - 0x00007ffed16b9000 	C:\WINDOWS\System32\GDI32.dll
0x00007ffecfdd0000 - 0x00007ffecfee9000 	C:\WINDOWS\System32\gdi32full.dll
0x00007ffecfef0000 - 0x00007ffecff8a000 	C:\WINDOWS\System32\msvcp_win.dll
0x00007ffed05d0000 - 0x00007ffed0601000 	C:\WINDOWS\System32\IMM32.DLL
0x00007ffecd220000 - 0x00007ffecd22c000 	C:\Users\Moustapha\AppData\Local\Coursier\cache\arc\https\github.com\adoptium\temurin17-binaries\releases\download\jdk-17%252B35\OpenJDK17-jdk_x64_windows_hotspot_17_35.zip\jdk-17+35\bin\vcruntime140_1.dll
0x00007ffead680000 - 0x00007ffead711000 	C:\Users\Moustapha\AppData\Local\Coursier\cache\arc\https\github.com\adoptium\temurin17-binaries\releases\download\jdk-17%252B35\OpenJDK17-jdk_x64_windows_hotspot_17_35.zip\jdk-17+35\bin\msvcp140.dll
0x00007ffe09380000 - 0x00007ffe09fc6000 	C:\Users\Moustapha\AppData\Local\Coursier\cache\arc\https\github.com\adoptium\temurin17-binaries\releases\download\jdk-17%252B35\OpenJDK17-jdk_x64_windows_hotspot_17_35.zip\jdk-17+35\bin\server\jvm.dll
0x00007ffec9200000 - 0x00007ffec920a000 	C:\WINDOWS\SYSTEM32\VERSION.dll
0x00007ffec9f20000 - 0x00007ffec9f54000 	C:\WINDOWS\SYSTEM32\WINMM.dll
0x00007ffeae8d0000 - 0x00007ffeae8d9000 	C:\WINDOWS\SYSTEM32\WSOCK32.dll
0x00007ffed00b0000 - 0x00007ffed0121000 	C:\WINDOWS\System32\WS2_32.dll
0x00007ffece780000 - 0x00007ffece798000 	C:\WINDOWS\SYSTEM32\kernel.appcore.dll
0x00007ffecb080000 - 0x00007ffecb08a000 	C:\Users\Moustapha\AppData\Local\Coursier\cache\arc\https\github.com\adoptium\temurin17-binaries\releases\download\jdk-17%252B35\OpenJDK17-jdk_x64_windows_hotspot_17_35.zip\jdk-17+35\bin\jimage.dll
0x00007ffeccf90000 - 0x00007ffecd1c2000 	C:\WINDOWS\SYSTEM32\DBGHELP.DLL
0x00007ffed1d60000 - 0x00007ffed20e8000 	C:\WINDOWS\System32\combase.dll
0x00007ffed04d0000 - 0x00007ffed05a7000 	C:\WINDOWS\System32\OLEAUT32.dll
0x00007ffeae870000 - 0x00007ffeae8a2000 	C:\WINDOWS\SYSTEM32\dbgcore.DLL
0x00007ffecfd50000 - 0x00007ffecfdcb000 	C:\WINDOWS\System32\bcryptPrimitives.dll
0x00007ffead650000 - 0x00007ffead675000 	C:\Users\Moustapha\AppData\Local\Coursier\cache\arc\https\github.com\adoptium\temurin17-binaries\releases\download\jdk-17%252B35\OpenJDK17-jdk_x64_windows_hotspot_17_35.zip\jdk-17+35\bin\java.dll
0x00007ffeac920000 - 0x00007ffeac9f6000 	C:\Users\Moustapha\AppData\Local\Coursier\cache\arc\https\github.com\adoptium\temurin17-binaries\releases\download\jdk-17%252B35\OpenJDK17-jdk_x64_windows_hotspot_17_35.zip\jdk-17+35\bin\svml.dll
0x00007ffed0610000 - 0x00007ffed0e6c000 	C:\WINDOWS\System32\SHELL32.dll
0x00007ffecd5b0000 - 0x00007ffecdea7000 	C:\WINDOWS\SYSTEM32\windows.storage.dll
0x00007ffecd470000 - 0x00007ffecd5af000 	C:\WINDOWS\SYSTEM32\wintypes.dll
0x00007ffed1c60000 - 0x00007ffed1d54000 	C:\WINDOWS\System32\SHCORE.dll
0x00007ffed1bf0000 - 0x00007ffed1c4e000 	C:\WINDOWS\System32\shlwapi.dll
0x00007ffecf5d0000 - 0x00007ffecf5f1000 	C:\WINDOWS\SYSTEM32\profapi.dll
0x00007ffecac70000 - 0x00007ffecac89000 	C:\Users\Moustapha\AppData\Local\Coursier\cache\arc\https\github.com\adoptium\temurin17-binaries\releases\download\jdk-17%252B35\OpenJDK17-jdk_x64_windows_hotspot_17_35.zip\jdk-17+35\bin\net.dll
0x00007ffeca820000 - 0x00007ffeca956000 	C:\WINDOWS\SYSTEM32\WINHTTP.dll
0x00007ffecebf0000 - 0x00007ffecec59000 	C:\WINDOWS\system32\mswsock.dll
0x00007ffec4020000 - 0x00007ffec4035000 	C:\Users\Moustapha\AppData\Local\Coursier\cache\arc\https\github.com\adoptium\temurin17-binaries\releases\download\jdk-17%252B35\OpenJDK17-jdk_x64_windows_hotspot_17_35.zip\jdk-17+35\bin\nio.dll
0x00007ffeb7b30000 - 0x00007ffeb7b48000 	C:\Users\Moustapha\AppData\Local\Coursier\cache\arc\https\github.com\adoptium\temurin17-binaries\releases\download\jdk-17%252B35\OpenJDK17-jdk_x64_windows_hotspot_17_35.zip\jdk-17+35\bin\zip.dll
0x00007ffecee70000 - 0x00007ffecee8b000 	C:\WINDOWS\SYSTEM32\CRYPTSP.dll
0x00007ffece6e0000 - 0x00007ffece715000 	C:\WINDOWS\system32\rsaenh.dll
0x00007ffeced10000 - 0x00007ffeced38000 	C:\WINDOWS\SYSTEM32\USERENV.dll
0x00007ffecee90000 - 0x00007ffecee9c000 	C:\WINDOWS\SYSTEM32\CRYPTBASE.dll
0x00007ffece1c0000 - 0x00007ffece1ed000 	C:\WINDOWS\SYSTEM32\IPHLPAPI.DLL
0x00007ffed1450000 - 0x00007ffed1459000 	C:\WINDOWS\System32\NSI.dll
0x00007ffeca800000 - 0x00007ffeca819000 	C:\WINDOWS\SYSTEM32\dhcpcsvc6.DLL
0x00007ffeca7e0000 - 0x00007ffeca7ff000 	C:\WINDOWS\SYSTEM32\dhcpcsvc.DLL
0x00007ffece1f0000 - 0x00007ffece2e8000 	C:\WINDOWS\SYSTEM32\DNSAPI.dll
0x00007ffec6830000 - 0x00007ffec6856000 	C:\Users\Moustapha\AppData\Local\Temp\csjniutils-0.3.35435660556673766127.dll
0x00007ffed0320000 - 0x00007ffed04c5000 	C:\WINDOWS\System32\ole32.dll
0x00007ffec3ea0000 - 0x00007ffec3ec6000 	C:\Users\Moustapha\AppData\Local\Temp\csjniutils-0.3.37705045456264376202.dll
0x00007ffec94b0000 - 0x00007ffec94ba000 	C:\Windows\System32\rasadhlp.dll
0x00007ffec97f0000 - 0x00007ffec9873000 	C:\WINDOWS\System32\fwpuclnt.dll
0x00007ffecb100000 - 0x00007ffecb10e000 	C:\Users\Moustapha\AppData\Local\Coursier\cache\arc\https\github.com\adoptium\temurin17-binaries\releases\download\jdk-17%252B35\OpenJDK17-jdk_x64_windows_hotspot_17_35.zip\jdk-17+35\bin\sunmscapi.dll
0x00007ffecfb70000 - 0x00007ffecfcd7000 	C:\WINDOWS\System32\CRYPT32.dll
0x00007ffecf030000 - 0x00007ffecf05e000 	C:\WINDOWS\SYSTEM32\ncrypt.dll
0x00007ffeceff0000 - 0x00007ffecf027000 	C:\WINDOWS\SYSTEM32\NTASN1.dll

dbghelp: loaded successfully - version: 4.0.5 - missing functions: none
symbol engine: initialized successfully - sym options: 0x614 - pdb path: .;C:\Users\Moustapha\AppData\Local\Coursier\cache\arc\https\github.com\adoptium\temurin17-binaries\releases\download\jdk-17%252B35\OpenJDK17-jdk_x64_windows_hotspot_17_35.zip\jdk-17+35\bin;C:\WINDOWS\SYSTEM32;C:\Program Files\Norton Security\NortonData\22.20.5.40\Definitions\IPSDefs\20240624.064;C:\WINDOWS\WinSxS\amd64_microsoft.windows.common-controls_6595b64144ccf1df_6.0.22621.3672_none_2713b9d173822955;C:\Users\Moustapha\AppData\Local\Coursier\cache\arc\https\github.com\adoptium\temurin17-binaries\releases\download\jdk-17%252B35\OpenJDK17-jdk_x64_windows_hotspot_17_35.zip\jdk-17+35\bin\server;C:\Users\Moustapha\AppData\Local\Temp

VM Arguments:
jvm_args: -Xss4m -Xms100m -Dmetals.client=vscode -Xmx1G 
java_command: scala.meta.metals.Main
java_class_path (initial): C:\Users\Moustapha\AppData\Local\Coursier\cache\v1\https\repo1.maven.org\maven2\org\scalameta\metals_2.13\1.3.2\metals_2.13-1.3.2.jar;C:\Users\Moustapha\AppData\Local\Coursier\cache\v1\https\repo1.maven.org\maven2\org\scala-lang\scala-library\2.13.14\scala-library-2.13.14.jar;C:\Users\Moustapha\AppData\Local\Coursier\cache\v1\https\repo1.maven.org\maven2\org\scalameta\mtags_2.13.14\1.3.2\mtags_2.13.14-1.3.2.jar;C:\Users\Moustapha\AppData\Local\Coursier\cache\v1\https\repo1.maven.org\maven2\org\scalameta\mtags-java_2.13\1.3.2\mtags-java_2.13-1.3.2.jar;C:\Users\Moustapha\AppData\Local\Coursier\cache\v1\https\oss.sonatype.org\content\repositories\public\com\google\guava\guava\33.2.1-jre\guava-33.2.1-jre.jar;C:\Users\Moustapha\AppData\Local\Coursier\cache\v1\https\repo1.maven.org\maven2\com\geirsson\metaconfig-core_2.13\0.12.0\metaconfig-core_2.13-0.12.0.jar;C:\Users\Moustapha\AppData\Local\Coursier\cache\v1\https\repo1.maven.org\maven2\org\openjdk\jol\jol-core\0.17\jol-core-0.17.jar;C:\Users\Moustapha\AppData\Local\Coursier\cache\v1\https\oss.sonatype.org\content\repositories\public\com\swoval\file-tree-views\2.1.12\file-tree-views-2.1.12.jar;C:\Users\Moustapha\AppData\Local\Coursier\cache\v1\https\repo1.maven.org\maven2\io\undertow\undertow-core\2.2.20.Final\undertow-core-2.2.20.Final.jar;C:\Users\Moustapha\AppData\Local\Coursier\cache\v1\https\repo1.maven.org\maven2\org\jboss\xnio\xnio-nio\3.8.16.Final\xnio-nio-3.8.16.Final.jar;C:\Users\Moustapha\AppData\Local\Coursier\cache\v1\https\repo1.maven.org\maven2\org\flywaydb\flyway-core\9.22.3\flyway-core-9.22.3.jar;C:\Users\Moustapha\AppData\Local\Coursier\cache\v1\https\repo1.maven.org\maven2\com\h2database\h2\2.2.224\h2-2.2.224.jar;C:\Users\Moustapha\AppData\Local\Coursier\cache\v1\https\repo1.maven.org\maven2\org\scala-sbt\ipcsocket\ipcsocket\1.6.2\ipcsocket-1.6.2.jar;C:\Users\Moustapha\AppData\Local\Coursier\cache\v1\https\repo1.maven.org\maven2\ch\epfl\scala\bsp4j\2.2.0-M2\bsp4j-2.2.0-M2.
Launcher Type: SUN_STANDARD

[Global flags]
     intx CICompilerCount                          = 4                                         {product} {ergonomic}
     uint ConcGCThreads                            = 2                                         {product} {ergonomic}
     uint G1ConcRefinementThreads                  = 8                                         {product} {ergonomic}
   size_t G1HeapRegionSize                         = 1048576                                   {product} {ergonomic}
    uintx GCDrainStackTargetSize                   = 64                                        {product} {ergonomic}
   size_t InitialHeapSize                          = 104857600                                 {product} {command line}
   size_t MarkStackSize                            = 4194304                                   {product} {ergonomic}
   size_t MaxHeapSize                              = 1073741824                                {product} {command line}
   size_t MaxNewSize                               = 643825664                                 {product} {ergonomic}
   size_t MinHeapDeltaBytes                        = 1048576                                   {product} {ergonomic}
   size_t MinHeapSize                              = 104857600                                 {product} {command line}
    uintx NonNMethodCodeHeapSize                   = 5839372                                {pd product} {ergonomic}
    uintx NonProfiledCodeHeapSize                  = 122909434                              {pd product} {ergonomic}
    uintx ProfiledCodeHeapSize                     = 122909434                              {pd product} {ergonomic}
    uintx ReservedCodeCacheSize                    = 251658240                              {pd product} {ergonomic}
     bool SegmentedCodeCache                       = true                                      {product} {ergonomic}
   size_t SoftMaxHeapSize                          = 1073741824                             {manageable} {ergonomic}
     intx ThreadStackSize                          = 4096                                   {pd product} {command line}
     bool UseCompressedClassPointers               = true                           {product lp64_product} {ergonomic}
     bool UseCompressedOops                        = true                           {product lp64_product} {ergonomic}
     bool UseG1GC                                  = true                                      {product} {ergonomic}
     bool UseLargePagesIndividualAllocation        = false                                  {pd product} {ergonomic}

Logging:
Log output configuration:
 #0: stdout all=warning uptime,level,tags
 #1: stderr all=off uptime,level,tags

Environment Variables:
JAVA_HOME=C:\PROGRA~1\Java\openlogic-openjdk-8u412-b08-windows-64
PATH=C:\Program Files\Microsoft SDKs\Azure\CLI2\wbin;C:\Program Files (x86)\Common Files\Oracle\Java\javapath;C:\Program Files\NVIDIA GPU Computing Toolkit\CUDA\v11.6\bin;C:\Program Files\NVIDIA GPU Computing Toolkit\CUDA\v11.6\libnvvp;C:\Windows\system32;C:\Windows;C:\Windows\System32\Wbem;C:\Windows\System32\WindowsPowerShell\v1.0\;C:\Windows\System32\OpenSSH\;C:\Program Files\Git\cmd;C:\WINDOWS\system32;C:\WINDOWS;C:\WINDOWS\System32\Wbem;C:\WINDOWS\System32\WindowsPowerShell\v1.0\;C:\WINDOWS\System32\OpenSSH\;C:\Program Files (x86)\NVIDIA Corporation\PhysX\Common;C:\Program Files\NVIDIA Corporation\Nsight Compute 2022.1.1\;C:\Program Files\NVIDIA Corporation\NVIDIA NvDLISR;C:\opencv\build\include;C:\opencv\build\x64\vc14\bin;C:\opencv\build\x64\vc14\lib;C:\opencv\build\x64\vc15\bin;C:\opencv\build\x64\vc15\lib;C:\opencv\build\bin;C:\WINDOWS\system32;C:\WINDOWS;C:\WINDOWS\System32\Wbem;C:\WINDOWS\System32\WindowsPowerShell\v1.0\;C:\WINDOWS\System32\OpenSSH\;C:\Users\Moustapha\spark-3.5.1-bin-hadoop3\bin;C:\Users\Moustapha\hadoop-3.3.0\bin;C:\Users\Moustapha\terraform_1.8.4_windows_amd64;C:\Program Files\Docker\Docker\resources\bin;C:\Program Files\Java\openlogic-openjdk-8u412-b08-windows-64\bin;C:\Program Files\Java\jre-1.8;C:\Users\Moustapha\anaconda3;C:\Users\Moustapha\anaconda3\Library\mingw-w64\bin;C:\Users\Moustapha\anaconda3\Library\usr\bin;C:\Users\Moustapha\anaconda3\Library\bin;C:\Users\Moustapha\anaconda3\Scripts;C:\Users\Moustapha\AppData\Local\Microsoft\WindowsApps;C:\opencv\build\x64\vc14\bin;C:\opencv\build\x64\vc14\lib;C:\opencv\build\x64\vc15\bin;C:\opencv\build\x64\vc15\lib;C:\opencv\build\include;C:\opencv\build\bin;C:\Program Files\JetBrains\CLion 2023.1.1\bin;;C:\Users\Moustapha\AppData\Local\Programs\Microsoft VS Code\bin;C:\Program Files\JetBrains\IntelliJ IDEA 2024.1.3\bin;;C:\Program Files\JetBrains\IntelliJ IDEA Community Edition 2024.1.3\bin;
USERNAME=Moustapha
OS=Windows_NT
PROCESSOR_IDENTIFIER=Intel64 Family 6 Model 165 Stepping 2, GenuineIntel



---------------  S Y S T E M  ---------------

OS:
 Windows 10 , 64 bit Build 22621 (10.0.22621.3672)
OS uptime: 7 days 23:19 hours
Hyper-V role detected

CPU: total 8 (initial active 8) (4 cores per cpu, 2 threads per core) family 6 model 165 stepping 2 microcode 0xe2, cx8, cmov, fxsr, ht, mmx, 3dnowpref, sse, sse2, sse3, ssse3, sse4.1, sse4.2, popcnt, lzcnt, tsc, tscinvbit, avx, avx2, aes, erms, clmul, bmi1, bmi2, adx, fma, vzeroupper, clflush, clflushopt, hv

Memory: 4k page, system-wide physical 16215M (1056M free)
TotalPageFile size 65367M (AvailPageFile size 4M)
current process WorkingSet (physical memory assigned to process): 312M, peak: 319M
current process commit charge ("private bytes"): 363M, peak: 373M

vm_info: OpenJDK 64-Bit Server VM (17+35) for windows-amd64 JRE (17+35), built on Sep 14 2021 17:27:39 by "" with MS VC++ 16.7 (VS2019)

END.
